<?xml version="1.0" encoding="UTF-8" ?>
<testsuite failures="0" time="3.72" errors="0" skipped="0" tests="9" name="gov.dhs.efile.domain.ApplicantIntegrationTest">
  <properties>
[...]
</properties>
  <testcase time="3.495" classname="gov.dhs.efile.domain.ApplicantIntegrationTest" name="testFlush"/>
  <testcase time="0.037" classname="gov.dhs.efile.domain.ApplicantIntegrationTest" name="testRemove"/>
  <testcase time="0.029" classname="gov.dhs.efile.domain.ApplicantIntegrationTest" name="testPersist"/>
  <testcase time="0.002" classname="gov.dhs.efile.domain.ApplicantIntegrationTest" name="testMarkerMethod"/>
  <testcase time="0.033" classname="gov.dhs.efile.domain.ApplicantIntegrationTest" name="testCountApplicants"/>
  <testcase time="0.023" classname="gov.dhs.efile.domain.ApplicantIntegrationTest" name="testFindApplicant"/>
  <testcase time="0.035" classname="gov.dhs.efile.domain.ApplicantIntegrationTest" name="testFindAllApplicants"/>
  <testcase time="0.03" classname="gov.dhs.efile.domain.ApplicantIntegrationTest" name="testFindApplicantEntries"/>
  <testcase time="0.036" classname="gov.dhs.efile.domain.ApplicantIntegrationTest" name="testMergeUpdate"/>
</testsuite>